<?xml version="1.0" encoding="UTF-8"?>
<!-- Generated by org.testng.reporters.JUnitReportReporter -->
<testsuite hostname="DESKTOP-KB78P7G" failures="0" tests="7" name="TestLeaf.prasanna.testleafPlayground.AuthTest" time="160.932" errors="0" timestamp="2023-12-30T10:48:46 IST" skipped="0">
  <testcase classname="TestLeaf.prasanna.testleafPlayground.AuthTest" name="calender" time="17.236"/>
  <system-out/>
  <testcase classname="TestLeaf.prasanna.testleafPlayground.AuthTest" name="gridt2" time="11.091"/>
  <system-out/>
  <testcase classname="TestLeaf.prasanna.testleafPlayground.AuthTest" name="authtest" time="27.584"/>
  <system-out/>
  <testcase classname="TestLeaf.prasanna.testleafPlayground.AuthTest" name="iframestest" time="30.938"/>
  <system-out/>
  <testcase classname="TestLeaf.prasanna.testleafPlayground.AuthTest" name="tables" time="9.432"/>
  <system-out/>
  <testcase classname="TestLeaf.prasanna.testleafPlayground.AuthTest" name="windows" time="30.657"/>
  <system-out/>
  <testcase classname="TestLeaf.prasanna.testleafPlayground.AuthTest" name="gridt" time="33.994"/>
  <system-out/>
</testsuite> <!-- TestLeaf.prasanna.testleafPlayground.AuthTest -->
